TN:
SF:src/handlers/branch-handlers.ts
FN:19,(anonymous_0)
FN:24,(anonymous_1)
FN:71,(anonymous_2)
FN:83,(anonymous_3)
FN:114,(anonymous_4)
FN:138,(anonymous_5)
FN:193,(anonymous_6)
FN:220,(anonymous_7)
FN:280,(anonymous_8)
FN:286,(anonymous_9)
FN:288,(anonymous_10)
FN:288,(anonymous_11)
FN:289,(anonymous_12)
FN:289,(anonymous_13)
FN:290,(anonymous_14)
FN:290,(anonymous_15)
FN:305,(anonymous_16)
FN:311,(anonymous_17)
FN:313,(anonymous_18)
FN:313,(anonymous_19)
FN:315,(anonymous_20)
FN:315,(anonymous_21)
FN:316,(anonymous_22)
FN:338,(anonymous_23)
FN:342,(anonymous_24)
FN:355,(anonymous_25)
FN:404,(anonymous_26)
FN:453,(anonymous_27)
FN:458,(anonymous_28)
FN:469,(anonymous_29)
FN:475,(anonymous_30)
FN:512,(anonymous_31)
FN:516,(anonymous_32)
FN:520,(anonymous_33)
FN:524,(anonymous_34)
FN:528,(anonymous_35)
FN:546,(anonymous_36)
FNF:37
FNH:0
FNDA:0,(anonymous_0)
FNDA:0,(anonymous_1)
FNDA:0,(anonymous_2)
FNDA:0,(anonymous_3)
FNDA:0,(anonymous_4)
FNDA:0,(anonymous_5)
FNDA:0,(anonymous_6)
FNDA:0,(anonymous_7)
FNDA:0,(anonymous_8)
FNDA:0,(anonymous_9)
FNDA:0,(anonymous_10)
FNDA:0,(anonymous_11)
FNDA:0,(anonymous_12)
FNDA:0,(anonymous_13)
FNDA:0,(anonymous_14)
FNDA:0,(anonymous_15)
FNDA:0,(anonymous_16)
FNDA:0,(anonymous_17)
FNDA:0,(anonymous_18)
FNDA:0,(anonymous_19)
FNDA:0,(anonymous_20)
FNDA:0,(anonymous_21)
FNDA:0,(anonymous_22)
FNDA:0,(anonymous_23)
FNDA:0,(anonymous_24)
FNDA:0,(anonymous_25)
FNDA:0,(anonymous_26)
FNDA:0,(anonymous_27)
FNDA:0,(anonymous_28)
FNDA:0,(anonymous_29)
FNDA:0,(anonymous_30)
FNDA:0,(anonymous_31)
FNDA:0,(anonymous_32)
FNDA:0,(anonymous_33)
FNDA:0,(anonymous_34)
FNDA:0,(anonymous_35)
FNDA:0,(anonymous_36)
DA:20,0
DA:21,0
DA:25,0
DA:26,0
DA:32,0
DA:34,0
DA:36,0
DA:38,0
DA:40,0
DA:41,0
DA:47,0
DA:48,0
DA:52,0
DA:53,0
DA:57,0
DA:58,0
DA:62,0
DA:65,0
DA:66,0
DA:67,0
DA:69,0
DA:71,0
DA:77,0
DA:78,0
DA:79,0
DA:83,0
DA:88,0
DA:89,0
DA:90,0
DA:94,0
DA:110,0
DA:115,0
DA:116,0
DA:122,0
DA:124,0
DA:127,0
DA:129,0
DA:130,0
DA:138,0
DA:139,0
DA:140,0
DA:144,0
DA:146,0
DA:147,0
DA:153,0
DA:157,0
DA:162,0
DA:163,0
DA:164,0
DA:167,0
DA:171,0
DA:176,0
DA:189,0
DA:194,0
DA:195,0
DA:201,0
DA:203,0
DA:206,0
DA:208,0
DA:210,0
DA:211,0
DA:220,0
DA:221,0
DA:222,0
DA:225,0
DA:240,0
DA:241,0
DA:243,0
DA:256,0
DA:257,0
DA:258,0
DA:259,0
DA:266,0
DA:268,0
DA:270,0
DA:271,0
DA:280,0
DA:286,0
DA:288,0
DA:289,0
DA:290,0
DA:296,0
DA:297,0
DA:305,0
DA:311,0
DA:313,0
DA:315,0
DA:316,0
DA:323,0
DA:325,0
DA:326,0
DA:328,0
DA:329,0
DA:338,0
DA:342,0
DA:346,0
DA:347,0
DA:355,0
DA:365,0
DA:370,0
DA:389,0
DA:390,0
DA:400,0
DA:405,0
DA:406,0
DA:423,0
DA:425,0
DA:427,0
DA:428,0
DA:429,0
DA:430,0
DA:432,0
DA:434,0
DA:435,0
DA:443,0
DA:444,0
DA:446,0
DA:447,0
DA:450,0
DA:453,0
DA:456,0
DA:458,0
DA:459,0
DA:467,0
DA:468,0
DA:469,0
DA:473,0
DA:474,0
DA:475,0
DA:479,0
DA:480,0
DA:482,0
DA:484,0
DA:485,0
DA:486,0
DA:491,0
DA:492,0
DA:498,0
DA:499,0
DA:500,0
DA:502,0
DA:505,0
DA:506,0
DA:509,0
DA:512,0
DA:515,0
DA:516,0
DA:518,0
DA:519,0
DA:520,0
DA:522,0
DA:523,0
DA:524,0
DA:526,0
DA:527,0
DA:528,0
DA:531,0
DA:532,0
DA:533,0
DA:534,0
DA:539,0
DA:540,0
DA:541,0
DA:542,0
DA:543,0
DA:546,0
DA:547,0
DA:549,0
DA:550,0
DA:551,0
DA:558,0
DA:559,0
DA:560,0
DA:561,0
DA:562,0
DA:563,0
DA:565,0
DA:584,0
LF:178
LH:0
BRDA:25,0,0,0
BRDA:32,1,0,0
BRDA:32,2,0,0
BRDA:38,3,0,0
BRDA:38,3,1,0
BRDA:47,4,0,0
BRDA:57,5,0,0
BRDA:69,6,0,0
BRDA:69,6,1,0
BRDA:71,7,0,0
BRDA:71,7,1,0
BRDA:75,8,0,0
BRDA:75,8,1,0
BRDA:77,9,0,0
BRDA:77,9,1,0
BRDA:78,10,0,0
BRDA:78,11,0,0
BRDA:78,11,1,0
BRDA:83,12,0,0
BRDA:83,12,1,0
BRDA:86,13,0,0
BRDA:86,13,1,0
BRDA:88,14,0,0
BRDA:88,14,1,0
BRDA:89,15,0,0
BRDA:115,16,0,0
BRDA:127,17,0,0
BRDA:127,17,1,0
BRDA:139,18,0,0
BRDA:153,19,0,0
BRDA:153,19,1,0
BRDA:153,20,0,0
BRDA:153,20,1,0
BRDA:167,21,0,0
BRDA:167,21,1,0
BRDA:167,22,0,0
BRDA:167,22,1,0
BRDA:194,23,0,0
BRDA:201,24,0,0
BRDA:208,25,0,0
BRDA:208,25,1,0
BRDA:221,26,0,0
BRDA:230,27,0,0
BRDA:230,27,1,0
BRDA:231,28,0,0
BRDA:231,28,1,0
BRDA:232,29,0,0
BRDA:232,29,1,0
BRDA:236,30,0,0
BRDA:236,30,1,0
BRDA:249,31,0,0
BRDA:249,31,1,0
BRDA:268,32,0,0
BRDA:268,32,1,0
BRDA:280,33,0,0
BRDA:280,33,1,0
BRDA:290,34,0,0
BRDA:290,34,1,0
BRDA:305,35,0,0
BRDA:305,35,1,0
BRDA:315,36,0,0
BRDA:315,36,1,0
BRDA:325,37,0,0
BRDA:326,38,0,0
BRDA:326,38,1,0
BRDA:338,39,0,0
BRDA:338,39,1,0
BRDA:342,40,0,0
BRDA:342,40,1,0
BRDA:342,41,0,0
BRDA:342,41,1,0
BRDA:355,42,0,0
BRDA:355,42,1,0
BRDA:359,43,0,0
BRDA:359,43,1,0
BRDA:365,44,0,0
BRDA:365,44,1,0
BRDA:389,45,0,0
BRDA:405,46,0,0
BRDA:416,47,0,0
BRDA:417,48,0,0
BRDA:421,49,0,0
BRDA:432,50,0,0
BRDA:432,50,1,0
BRDA:443,51,0,0
BRDA:446,52,0,0
BRDA:453,53,0,0
BRDA:453,53,1,0
BRDA:456,54,0,0
BRDA:459,55,0,0
BRDA:459,55,1,0
BRDA:459,55,2,0
BRDA:459,55,3,0
BRDA:467,56,0,0
BRDA:473,57,0,0
BRDA:479,58,0,0
BRDA:479,58,1,0
BRDA:479,59,0,0
BRDA:479,59,1,0
BRDA:479,59,2,0
BRDA:484,60,0,0
BRDA:484,60,1,0
BRDA:485,61,0,0
BRDA:485,62,0,0
BRDA:485,62,1,0
BRDA:499,63,0,0
BRDA:502,64,0,0
BRDA:505,65,0,0
BRDA:512,66,0,0
BRDA:512,66,1,0
BRDA:515,67,0,0
BRDA:518,68,0,0
BRDA:522,69,0,0
BRDA:526,70,0,0
BRDA:532,71,0,0
BRDA:532,71,1,0
BRDA:533,72,0,0
BRDA:541,73,0,0
BRDA:541,73,1,0
BRDA:547,74,0,0
BRDA:547,74,1,0
BRDA:551,75,0,0
BRDA:551,75,1,0
BRDA:559,76,0,0
BRDA:560,77,0,0
BRDA:561,78,0,0
BRDA:562,79,0,0
BRDA:563,80,0,0
BRF:128
BRH:0
end_of_record
TN:
SF:src/handlers/file-handlers.ts
FN:25,(anonymous_0)
FN:30,(anonymous_1)
FN:74,(anonymous_2)
FN:89,(anonymous_3)
FN:118,(anonymous_4)
FN:339,(anonymous_5)
FNF:6
FNH:0
FNDA:0,(anonymous_0)
FNDA:0,(anonymous_1)
FNDA:0,(anonymous_2)
FNDA:0,(anonymous_3)
FNDA:0,(anonymous_4)
FNDA:0,(anonymous_5)
DA:16,0
DA:26,0
DA:27,0
DA:31,0
DA:32,0
DA:38,0
DA:40,0
DA:42,0
DA:45,0
DA:47,0
DA:48,0
DA:49,0
DA:51,0
DA:52,0
DA:55,0
DA:58,0
DA:59,0
DA:60,0
DA:61,0
DA:64,0
DA:68,0
DA:69,0
DA:71,0
DA:73,0
DA:74,0
DA:82,0
DA:84,0
DA:88,0
DA:89,0
DA:97,0
DA:100,0
DA:114,0
DA:119,0
DA:120,0
DA:126,0
DA:128,0
DA:130,0
DA:131,0
DA:133,0
DA:135,0
DA:136,0
DA:137,0
DA:138,0
DA:141,0
DA:142,0
DA:143,0
DA:149,0
DA:150,0
DA:171,0
DA:172,0
DA:173,0
DA:174,0
DA:177,0
DA:183,0
DA:186,0
DA:187,0
DA:189,0
DA:191,0
DA:199,0
DA:200,0
DA:218,0
DA:219,0
DA:225,0
DA:229,0
DA:230,0
DA:232,0
DA:233,0
DA:234,0
DA:237,0
DA:238,0
DA:239,0
DA:245,0
DA:246,0
DA:248,0
DA:249,0
DA:252,0
DA:253,0
DA:255,0
DA:257,0
DA:258,0
DA:259,0
DA:261,0
DA:262,0
DA:266,0
DA:267,0
DA:271,0
DA:272,0
DA:275,0
DA:276,0
DA:278,0
DA:292,0
DA:300,0
DA:301,0
DA:304,0
DA:305,0
DA:313,0
DA:323,0
DA:324,0
DA:334,0
DA:341,0
DA:342,0
DA:345,0
DA:346,0
DA:348,0
LF:104
LH:0
BRDA:31,0,0,0
BRDA:38,1,0,0
BRDA:45,2,0,0
BRDA:45,2,1,0
BRDA:48,3,0,0
BRDA:51,4,0,0
BRDA:58,5,0,0
BRDA:58,5,1,0
BRDA:60,6,0,0
BRDA:71,7,0,0
BRDA:71,7,1,0
BRDA:73,8,0,0
BRDA:73,8,1,0
BRDA:76,9,0,0
BRDA:76,9,1,0
BRDA:78,10,0,0
BRDA:78,10,1,0
BRDA:82,11,0,0
BRDA:82,12,0,0
BRDA:82,12,1,0
BRDA:88,13,0,0
BRDA:88,13,1,0
BRDA:90,14,0,0
BRDA:90,14,1,0
BRDA:91,15,0,0
BRDA:91,15,1,0
BRDA:97,16,0,0
BRDA:97,16,1,0
BRDA:97,16,2,0
BRDA:105,17,0,0
BRDA:105,17,1,0
BRDA:119,18,0,0
BRDA:126,19,0,0
BRDA:133,20,0,0
BRDA:133,20,1,0
BRDA:137,21,0,0
BRDA:144,22,0,0
BRDA:144,22,1,0
BRDA:149,23,0,0
BRDA:149,24,0,0
BRDA:149,24,1,0
BRDA:173,25,0,0
BRDA:186,26,0,0
BRDA:186,26,1,0
BRDA:199,27,0,0
BRDA:199,28,0,0
BRDA:199,28,1,0
BRDA:232,29,0,0
BRDA:232,30,0,0
BRDA:232,30,1,0
BRDA:232,30,2,0
BRDA:238,31,0,0
BRDA:238,31,1,0
BRDA:245,32,0,0
BRDA:245,32,1,0
BRDA:246,33,0,0
BRDA:246,33,1,0
BRDA:253,34,0,0
BRDA:253,34,1,0
BRDA:255,35,0,0
BRDA:255,35,1,0
BRDA:255,36,0,0
BRDA:255,36,1,0
BRDA:257,37,0,0
BRDA:257,37,1,0
BRDA:284,38,0,0
BRDA:284,38,1,0
BRDA:285,39,0,0
BRDA:285,39,1,0
BRDA:294,40,0,0
BRDA:294,40,1,0
BRDA:294,41,0,0
BRDA:294,41,1,0
BRDA:295,42,0,0
BRDA:295,42,1,0
BRDA:296,43,0,0
BRDA:296,43,1,0
BRDA:300,44,0,0
BRDA:304,45,0,0
BRDA:307,46,0,0
BRDA:307,46,1,0
BRDA:323,47,0,0
BRDA:328,48,0,0
BRDA:328,48,1,0
BRDA:341,49,0,0
BRDA:346,50,0,0
BRDA:346,50,1,0
BRDA:349,51,0,0
BRDA:349,51,1,0
BRF:89
BRH:0
end_of_record
TN:
SF:src/handlers/pull-request-handlers.ts
FN:32,(anonymous_0)
FN:38,(anonymous_1)
FN:75,(anonymous_2)
FN:102,(anonymous_3)
FN:171,(anonymous_4)
FN:238,(anonymous_5)
FN:246,(anonymous_6)
FN:275,(anonymous_7)
FN:313,(anonymous_8)
FN:332,(anonymous_9)
FN:358,(anonymous_10)
FN:399,(anonymous_11)
FN:402,(anonymous_12)
FN:430,(anonymous_13)
FN:456,(anonymous_14)
FN:598,(anonymous_15)
FN:658,(anonymous_16)
FN:669,(anonymous_17)
FN:683,(anonymous_18)
FN:688,(anonymous_19)
FN:694,(anonymous_20)
FN:697,(anonymous_21)
FN:702,(anonymous_22)
FN:710,(anonymous_23)
FN:723,(anonymous_24)
FN:727,(anonymous_25)
FN:731,(anonymous_26)
FN:736,(anonymous_27)
FN:745,(anonymous_28)
FN:758,(anonymous_29)
FN:761,(anonymous_30)
FN:763,(anonymous_31)
FN:781,(anonymous_32)
FN:799,(anonymous_33)
FN:819,(anonymous_34)
FN:847,(anonymous_35)
FN:872,(anonymous_36)
FN:924,(anonymous_37)
FN:949,(anonymous_38)
FN:1054,(anonymous_39)
FN:1103,(anonymous_40)
FN:1116,(anonymous_41)
FN:1138,(anonymous_42)
FN:1139,(anonymous_43)
FN:1142,(anonymous_44)
FN:1184,(anonymous_45)
FN:1201,(anonymous_46)
FNF:47
FNH:0
FNDA:0,(anonymous_0)
FNDA:0,(anonymous_1)
FNDA:0,(anonymous_2)
FNDA:0,(anonymous_3)
FNDA:0,(anonymous_4)
FNDA:0,(anonymous_5)
FNDA:0,(anonymous_6)
FNDA:0,(anonymous_7)
FNDA:0,(anonymous_8)
FNDA:0,(anonymous_9)
FNDA:0,(anonymous_10)
FNDA:0,(anonymous_11)
FNDA:0,(anonymous_12)
FNDA:0,(anonymous_13)
FNDA:0,(anonymous_14)
FNDA:0,(anonymous_15)
FNDA:0,(anonymous_16)
FNDA:0,(anonymous_17)
FNDA:0,(anonymous_18)
FNDA:0,(anonymous_19)
FNDA:0,(anonymous_20)
FNDA:0,(anonymous_21)
FNDA:0,(anonymous_22)
FNDA:0,(anonymous_23)
FNDA:0,(anonymous_24)
FNDA:0,(anonymous_25)
FNDA:0,(anonymous_26)
FNDA:0,(anonymous_27)
FNDA:0,(anonymous_28)
FNDA:0,(anonymous_29)
FNDA:0,(anonymous_30)
FNDA:0,(anonymous_31)
FNDA:0,(anonymous_32)
FNDA:0,(anonymous_33)
FNDA:0,(anonymous_34)
FNDA:0,(anonymous_35)
FNDA:0,(anonymous_36)
FNDA:0,(anonymous_37)
FNDA:0,(anonymous_38)
FNDA:0,(anonymous_39)
FNDA:0,(anonymous_40)
FNDA:0,(anonymous_41)
FNDA:0,(anonymous_42)
FNDA:0,(anonymous_43)
FNDA:0,(anonymous_44)
FNDA:0,(anonymous_45)
FNDA:0,(anonymous_46)
DA:33,0
DA:34,0
DA:35,0
DA:46,0
DA:48,0
DA:50,0
DA:51,0
DA:54,0
DA:55,0
DA:58,0
DA:60,0
DA:62,0
DA:63,0
DA:65,0
DA:69,0
DA:70,0
DA:72,0
DA:76,0
DA:77,0
DA:83,0
DA:85,0
DA:86,0
DA:90,0
DA:92,0
DA:94,0
DA:95,0
DA:96,0
DA:97,0
DA:101,0
DA:102,0
DA:104,0
DA:105,0
DA:106,0
DA:107,0
DA:109,0
DA:110,0
DA:111,0
DA:112,0
DA:113,0
DA:115,0
DA:120,0
DA:124,0
DA:125,0
DA:126,0
DA:127,0
DA:128,0
DA:130,0
DA:131,0
DA:136,0
DA:137,0
DA:138,0
DA:139,0
DA:140,0
DA:142,0
DA:145,0
DA:149,0
DA:158,0
DA:167,0
DA:172,0
DA:173,0
DA:179,0
DA:181,0
DA:183,0
DA:185,0
DA:187,0
DA:188,0
DA:195,0
DA:197,0
DA:198,0
DA:199,0
DA:200,0
DA:203,0
DA:204,0
DA:205,0
DA:206,0
DA:210,0
DA:211,0
DA:218,0
DA:219,0
DA:220,0
DA:222,0
DA:223,0
DA:226,0
DA:227,0
DA:231,0
DA:233,0
DA:234,0
DA:235,0
DA:237,0
DA:238,0
DA:239,0
DA:241,0
DA:242,0
DA:243,0
DA:246,0
DA:247,0
DA:249,0
DA:250,0
DA:251,0
DA:255,0
DA:271,0
DA:276,0
DA:277,0
DA:283,0
DA:285,0
DA:289,0
DA:291,0
DA:292,0
DA:313,0
DA:317,0
DA:318,0
DA:332,0
DA:336,0
DA:338,0
DA:342,0
DA:354,0
DA:359,0
DA:360,0
DA:366,0
DA:368,0
DA:370,0
DA:372,0
DA:374,0
DA:377,0
DA:379,0
DA:380,0
DA:381,0
DA:382,0
DA:383,0
DA:395,0
DA:398,0
DA:399,0
DA:402,0
DA:403,0
DA:404,0
DA:406,0
DA:409,0
DA:414,0
DA:418,0
DA:420,0
DA:421,0
DA:422,0
DA:423,0
DA:429,0
DA:430,0
DA:434,0
DA:436,0
DA:440,0
DA:452,0
DA:457,0
DA:458,0
DA:478,0
DA:481,0
DA:482,0
DA:483,0
DA:493,0
DA:494,0
DA:495,0
DA:497,0
DA:501,0
DA:502,0
DA:508,0
DA:510,0
DA:511,0
DA:512,0
DA:520,0
DA:524,0
DA:526,0
DA:527,0
DA:531,0
DA:532,0
DA:535,0
DA:536,0
DA:547,0
DA:548,0
DA:554,0
DA:555,0
DA:558,0
DA:559,0
DA:566,0
DA:568,0
DA:572,0
DA:594,0
DA:599,0
DA:600,0
DA:606,0
DA:608,0
DA:610,0
DA:612,0
DA:614,0
DA:617,0
DA:618,0
DA:620,0
DA:621,0
DA:622,0
DA:626,0
DA:628,0
DA:629,0
DA:631,0
DA:632,0
DA:634,0
DA:635,0
DA:639,0
DA:641,0
DA:654,0
DA:663,0
DA:664,0
DA:665,0
DA:666,0
DA:668,0
DA:669,0
DA:670,0
DA:681,0
DA:682,0
DA:684,0
DA:685,0
DA:686,0
DA:688,0
DA:691,0
DA:694,0
DA:695,0
DA:696,0
DA:697,0
DA:699,0
DA:702,0
DA:703,0
DA:705,0
DA:706,0
DA:709,0
DA:710,0
DA:713,0
DA:716,0
DA:717,0
DA:721,0
DA:723,0
DA:724,0
DA:727,0
DA:728,0
DA:731,0
DA:732,0
DA:735,0
DA:737,0
DA:738,0
DA:740,0
DA:741,0
DA:743,0
DA:745,0
DA:747,0
DA:749,0
DA:750,0
DA:754,0
DA:755,0
DA:757,0
DA:758,0
DA:761,0
DA:763,0
DA:774,0
DA:776,0
DA:777,0
DA:786,0
DA:787,0
DA:788,0
DA:789,0
DA:791,0
DA:792,0
DA:793,0
DA:797,0
DA:799,0
DA:800,0
DA:801,0
DA:802,0
DA:803,0
DA:805,0
DA:812,0
DA:813,0
DA:817,0
DA:819,0
DA:820,0
DA:821,0
DA:823,0
DA:831,0
DA:835,0
DA:837,0
DA:838,0
DA:864,0
DA:865,0
DA:867,0
DA:868,0
DA:870,0
DA:871,0
DA:872,0
DA:875,0
DA:876,0
DA:882,0
DA:888,0
DA:889,0
DA:895,0
DA:896,0
DA:907,0
DA:908,0
DA:910,0
DA:921,0
DA:924,0
DA:934,0
DA:939,0
DA:940,0
DA:942,0
DA:954,0
DA:955,0
DA:956,0
DA:957,0
DA:958,0
DA:959,0
DA:960,0
DA:961,0
DA:962,0
DA:963,0
DA:964,0
DA:966,0
DA:967,0
DA:969,0
DA:970,0
DA:971,0
DA:972,0
DA:973,0
DA:974,0
DA:975,0
DA:976,0
DA:977,0
DA:978,0
DA:979,0
DA:980,0
DA:984,0
DA:986,0
DA:987,0
DA:988,0
DA:992,0
DA:993,0
DA:995,0
DA:996,0
DA:997,0
DA:998,0
DA:999,0
DA:1000,0
DA:1001,0
DA:1002,0
DA:1003,0
DA:1004,0
DA:1005,0
DA:1006,0
DA:1007,0
DA:1008,0
DA:1009,0
DA:1010,0
DA:1011,0
DA:1013,0
DA:1014,0
DA:1017,0
DA:1018,0
DA:1025,0
DA:1041,0
DA:1042,0
DA:1043,0
DA:1044,0
DA:1045,0
DA:1046,0
DA:1047,0
DA:1051,0
DA:1060,0
DA:1062,0
DA:1063,0
DA:1066,0
DA:1067,0
DA:1068,0
DA:1069,0
DA:1070,0
DA:1071,0
DA:1072,0
DA:1073,0
DA:1074,0
DA:1078,0
DA:1081,0
DA:1082,0
DA:1083,0
DA:1084,0
DA:1085,0
DA:1086,0
DA:1087,0
DA:1088,0
DA:1089,0
DA:1093,0
DA:1096,0
DA:1097,0
DA:1100,0
DA:1104,0
DA:1105,0
DA:1106,0
DA:1108,0
DA:1109,0
DA:1110,0
DA:1113,0
DA:1117,0
DA:1118,0
DA:1120,0
DA:1121,0
DA:1122,0
DA:1126,0
DA:1127,0
DA:1128,0
DA:1132,0
DA:1139,0
DA:1143,0
DA:1144,0
DA:1150,0
DA:1152,0
DA:1154,0
DA:1158,0
DA:1159,0
DA:1160,0
DA:1161,0
DA:1167,0
DA:1168,0
DA:1169,0
DA:1170,0
DA:1172,0
DA:1174,0
DA:1175,0
DA:1181,0
DA:1184,0
DA:1186,0
DA:1187,0
DA:1188,0
DA:1192,0
DA:1193,0
DA:1198,0
DA:1201,0
DA:1203,0
DA:1204,0
DA:1205,0
DA:1209,0
DA:1227,0
LF:441
LH:0
BRDA:43,0,0,0
BRDA:48,1,0,0
BRDA:48,1,1,0
BRDA:76,2,0,0
BRDA:86,3,0,0
BRDA:86,3,1,0
BRDA:94,4,0,0
BRDA:94,5,0,0
BRDA:94,5,1,0
BRDA:101,6,0,0
BRDA:101,6,1,0
BRDA:104,7,0,0
BRDA:105,8,0,0
BRDA:105,8,1,0
BRDA:106,9,0,0
BRDA:106,9,1,0
BRDA:109,10,0,0
BRDA:113,11,0,0
BRDA:113,11,1,0
BRDA:145,12,0,0
BRDA:145,12,1,0
BRDA:172,13,0,0
BRDA:179,14,0,0
BRDA:179,15,0,0
BRDA:179,16,0,0
BRDA:185,17,0,0
BRDA:185,17,1,0
BRDA:189,18,0,0
BRDA:189,18,1,0
BRDA:197,19,0,0
BRDA:203,20,0,0
BRDA:212,21,0,0
BRDA:212,21,1,0
BRDA:219,22,0,0
BRDA:222,23,0,0
BRDA:226,24,0,0
BRDA:237,25,0,0
BRDA:237,25,1,0
BRDA:238,26,0,0
BRDA:238,26,1,0
BRDA:241,27,0,0
BRDA:241,27,1,0
BRDA:242,28,0,0
BRDA:242,29,0,0
BRDA:242,29,1,0
BRDA:246,30,0,0
BRDA:246,30,1,0
BRDA:249,31,0,0
BRDA:249,31,1,0
BRDA:250,32,0,0
BRDA:276,33,0,0
BRDA:289,34,0,0
BRDA:289,34,1,0
BRDA:294,35,0,0
BRDA:294,35,1,0
BRDA:313,36,0,0
BRDA:313,36,1,0
BRDA:320,37,0,0
BRDA:320,37,1,0
BRDA:331,38,0,0
BRDA:331,38,1,0
BRDA:332,39,0,0
BRDA:332,39,1,0
BRDA:338,40,0,0
BRDA:338,40,1,0
BRDA:359,41,0,0
BRDA:372,42,0,0
BRDA:372,42,1,0
BRDA:380,43,0,0
BRDA:381,44,0,0
BRDA:382,45,0,0
BRDA:395,46,0,0
BRDA:395,46,1,0
BRDA:404,47,0,0
BRDA:404,47,1,0
BRDA:420,48,0,0
BRDA:421,49,0,0
BRDA:422,50,0,0
BRDA:429,51,0,0
BRDA:436,52,0,0
BRDA:436,52,1,0
BRDA:457,53,0,0
BRDA:477,54,0,0
BRDA:481,55,0,0
BRDA:481,56,0,0
BRDA:481,56,1,0
BRDA:481,56,2,0
BRDA:501,57,0,0
BRDA:501,58,0,0
BRDA:501,58,1,0
BRDA:501,58,2,0
BRDA:508,59,0,0
BRDA:508,59,1,0
BRDA:511,60,0,0
BRDA:516,61,0,0
BRDA:516,61,1,0
BRDA:524,62,0,0
BRDA:524,62,1,0
BRDA:531,63,0,0
BRDA:535,64,0,0
BRDA:538,65,0,0
BRDA:538,65,1,0
BRDA:539,66,0,0
BRDA:539,66,1,0
BRDA:554,67,0,0
BRDA:558,68,0,0
BRDA:568,69,0,0
BRDA:568,69,1,0
BRDA:570,70,0,0
BRDA:570,70,1,0
BRDA:580,71,0,0
BRDA:580,71,1,0
BRDA:581,72,0,0
BRDA:581,72,1,0
BRDA:582,73,0,0
BRDA:582,73,1,0
BRDA:583,74,0,0
BRDA:583,74,1,0
BRDA:584,75,0,0
BRDA:584,75,1,0
BRDA:585,76,0,0
BRDA:585,76,1,0
BRDA:585,77,0,0
BRDA:585,77,1,0
BRDA:587,78,0,0
BRDA:587,78,1,0
BRDA:587,79,0,0
BRDA:587,79,1,0
BRDA:594,80,0,0
BRDA:594,80,1,0
BRDA:599,81,0,0
BRDA:612,82,0,0
BRDA:612,82,1,0
BRDA:621,83,0,0
BRDA:628,84,0,0
BRDA:631,85,0,0
BRDA:634,86,0,0
BRDA:647,87,0,0
BRDA:647,87,1,0
BRDA:668,88,0,0
BRDA:668,88,1,0
BRDA:681,89,0,0
BRDA:681,90,0,0
BRDA:681,90,1,0
BRDA:684,91,0,0
BRDA:685,92,0,0
BRDA:685,93,0,0
BRDA:685,93,1,0
BRDA:696,94,0,0
BRDA:696,95,0,0
BRDA:696,95,1,0
BRDA:705,96,0,0
BRDA:705,97,0,0
BRDA:705,97,1,0
BRDA:705,97,2,0
BRDA:709,98,0,0
BRDA:709,99,0,0
BRDA:709,99,1,0
BRDA:721,100,0,0
BRDA:721,100,1,0
BRDA:724,101,0,0
BRDA:724,101,1,0
BRDA:740,102,0,0
BRDA:741,103,0,0
BRDA:741,104,0,0
BRDA:741,104,1,0
BRDA:754,105,0,0
BRDA:754,105,1,0
BRDA:758,106,0,0
BRDA:758,106,1,0
BRDA:761,107,0,0
BRDA:761,107,1,0
BRDA:791,108,0,0
BRDA:791,108,1,0
BRDA:797,109,0,0
BRDA:797,109,1,0
BRDA:801,110,0,0
BRDA:801,110,1,0
BRDA:802,111,0,0
BRDA:802,111,1,0
BRDA:803,112,0,0
BRDA:803,113,0,0
BRDA:803,113,1,0
BRDA:817,114,0,0
BRDA:817,114,1,0
BRDA:854,115,0,0
BRDA:871,116,0,0
BRDA:872,117,0,0
BRDA:872,117,1,0
BRDA:875,118,0,0
BRDA:888,119,0,0
BRDA:895,120,0,0
BRDA:907,121,0,0
BRDA:939,122,0,0
BRDA:944,123,0,0
BRDA:944,123,1,0
BRDA:969,124,0,0
BRDA:971,125,0,0
BRDA:984,126,0,0
BRDA:986,127,0,0
BRDA:995,128,0,0
BRDA:995,128,1,0
BRDA:1001,129,0,0
BRDA:1001,129,1,0
BRDA:1006,130,0,0
BRDA:1006,130,1,0
BRDA:1017,131,0,0
BRDA:1032,132,0,0
BRDA:1032,132,1,0
BRDA:1041,133,0,0
BRDA:1041,133,1,0
BRDA:1043,134,0,0
BRDA:1043,134,1,0
BRDA:1045,135,0,0
BRDA:1062,136,0,0
BRDA:1066,137,0,0
BRDA:1071,138,0,0
BRDA:1073,139,0,0
BRDA:1081,140,0,0
BRDA:1086,141,0,0
BRDA:1088,142,0,0
BRDA:1096,143,0,0
BRDA:1109,144,0,0
BRDA:1109,144,1,0
BRDA:1121,145,0,0
BRDA:1127,146,0,0
BRDA:1143,147,0,0
BRDA:1150,148,0,0
BRDA:1150,149,0,0
BRDA:1154,150,0,0
BRDA:1154,150,1,0
BRDA:1172,151,0,0
BRDA:1172,151,1,0
BRDA:1184,152,0,0
BRDA:1184,152,1,0
BRDA:1186,153,0,0
BRDA:1186,153,1,0
BRDA:1187,154,0,0
BRDA:1187,155,0,0
BRDA:1187,155,1,0
BRDA:1201,156,0,0
BRDA:1201,156,1,0
BRDA:1203,157,0,0
BRDA:1203,157,1,0
BRDA:1204,158,0,0
BRF:245
BRH:0
end_of_record
TN:
SF:src/handlers/review-handlers.ts
FN:11,(anonymous_0)
FN:16,(anonymous_1)
FN:129,(anonymous_2)
FN:171,(anonymous_3)
FN:212,(anonymous_4)
FN:266,(anonymous_5)
FNF:6
FNH:0
FNDA:0,(anonymous_0)
FNDA:0,(anonymous_1)
FNDA:0,(anonymous_2)
FNDA:0,(anonymous_3)
FNDA:0,(anonymous_4)
FNDA:0,(anonymous_5)
DA:12,0
DA:13,0
DA:17,0
DA:18,0
DA:32,0
DA:34,0
DA:36,0
DA:38,0
DA:40,0
DA:41,0
DA:44,0
DA:45,0
DA:49,0
DA:51,0
DA:54,0
DA:56,0
DA:58,0
DA:73,0
DA:74,0
DA:76,0
DA:82,0
DA:83,0
DA:86,0
DA:93,0
DA:94,0
DA:100,0
DA:101,0
DA:104,0
DA:105,0
DA:106,0
DA:108,0
DA:109,0
DA:111,0
DA:112,0
DA:116,0
DA:125,0
DA:130,0
DA:131,0
DA:137,0
DA:139,0
DA:142,0
DA:145,0
DA:146,0
DA:147,0
DA:150,0
DA:151,0
DA:154,0
DA:167,0
DA:172,0
DA:173,0
DA:179,0
DA:181,0
DA:184,0
DA:186,0
DA:187,0
DA:188,0
DA:191,0
DA:192,0
DA:195,0
DA:208,0
DA:213,0
DA:214,0
DA:220,0
DA:222,0
DA:223,0
DA:225,0
DA:226,0
DA:227,0
DA:230,0
DA:231,0
DA:232,0
DA:236,0
DA:237,0
DA:240,0
DA:241,0
DA:242,0
DA:248,0
DA:262,0
DA:267,0
DA:268,0
DA:274,0
DA:276,0
DA:277,0
DA:279,0
DA:280,0
DA:281,0
DA:284,0
DA:285,0
DA:288,0
DA:301,0
LF:90
LH:0
BRDA:17,0,0,0
BRDA:28,1,0,0
BRDA:38,2,0,0
BRDA:38,2,1,0
BRDA:54,3,0,0
BRDA:54,3,1,0
BRDA:54,3,2,0
BRDA:56,4,0,0
BRDA:93,5,0,0
BRDA:93,6,0,0
BRDA:93,6,1,0
BRDA:93,6,2,0
BRDA:93,6,3,0
BRDA:100,7,0,0
BRDA:105,8,0,0
BRDA:108,9,0,0
BRDA:111,10,0,0
BRDA:130,11,0,0
BRDA:142,12,0,0
BRDA:142,12,1,0
BRDA:172,13,0,0
BRDA:184,14,0,0
BRDA:184,14,1,0
BRDA:213,15,0,0
BRDA:223,16,0,0
BRDA:223,16,1,0
BRDA:230,17,0,0
BRDA:240,18,0,0
BRDA:256,19,0,0
BRDA:256,19,1,0
BRDA:267,20,0,0
BRDA:277,21,0,0
BRDA:277,21,1,0
BRF:33
BRH:0
end_of_record
TN:
SF:src/handlers/search-handlers.ts
FN:17,buildContextualPatterns
FN:56,buildSmartQuery
FN:86,(anonymous_2)
FN:91,(anonymous_3)
FN:96,(anonymous_4)
FNF:5
FNH:0
FNDA:0,buildContextualPatterns
FNDA:0,buildSmartQuery
FNDA:0,(anonymous_2)
FNDA:0,(anonymous_3)
FNDA:0,(anonymous_4)
DA:18,0
DA:61,0
DA:63,0
DA:66,0
DA:67,0
DA:69,0
DA:73,0
DA:74,0
DA:78,0
DA:81,0
DA:82,0
DA:86,0
DA:87,0
DA:92,0
DA:93,0
DA:97,0
DA:107,0
DA:109,0
DA:110,0
DA:114,0
DA:115,0
DA:119,0
DA:120,0
DA:121,0
DA:123,0
DA:124,0
DA:128,0
DA:129,0
DA:132,0
DA:143,0
DA:149,0
DA:152,0
DA:155,0
DA:156,0
DA:157,0
DA:160,0
DA:161,0
DA:162,0
DA:164,0
DA:165,0
DA:166,0
DA:170,0
DA:171,0
DA:173,0
DA:174,0
DA:175,0
DA:176,0
DA:180,0
DA:187,0
DA:188,0
LF:50
LH:0
BRDA:58,0,0,0
BRDA:59,1,0,0
BRDA:66,2,0,0
BRDA:66,2,1,0
BRDA:73,3,0,0
BRDA:73,4,0,0
BRDA:73,4,1,0
BRDA:81,5,0,0
BRDA:102,6,0,0
BRDA:104,7,0,0
BRDA:105,8,0,0
BRDA:106,9,0,0
BRDA:109,10,0,0
BRDA:109,11,0,0
BRDA:109,11,1,0
BRDA:114,12,0,0
BRDA:120,13,0,0
BRDA:123,14,0,0
BRDA:156,15,0,0
BRDA:156,15,1,0
BRDA:156,16,0,0
BRDA:156,16,1,0
BRDA:157,17,0,0
BRDA:157,17,1,0
BRDA:161,18,0,0
BRDA:165,19,0,0
BRDA:173,20,0,0
BRDA:175,21,0,0
BRDA:176,22,0,0
BRDA:176,22,1,0
BRDA:187,23,0,0
BRDA:187,23,1,0
BRF:32
BRH:0
end_of_record
TN:
SF:src/resources/field-schemas.ts
FN:968,getResourceSchema
FN:975,getResourceFields
FN:977,(anonymous_2)
FN:983,getFieldMetadata
FN:985,(anonymous_4)
FN:1001,getCommonFields
FN:1022,getAllResourceTypes
FN:1029,getResourceTypesByCategory
FN:1040,getResourceTypeIndex
FN:1047,(anonymous_9)
FN:1066,getFilteredFields
FN:1075,(anonymous_11)
FN:1094,getValidationRules
FN:1101,(anonymous_13)
FN:1101,(anonymous_14)
FN:1102,(anonymous_15)
FN:1102,(anonymous_16)
FN:1103,(anonymous_17)
FN:1103,(anonymous_18)
FN:1104,(anonymous_19)
FN:1104,(anonymous_20)
FN:1105,(anonymous_21)
FN:1114,(anonymous_22)
FN:1114,(anonymous_23)
FN:1117,(anonymous_24)
FN:1117,(anonymous_25)
FN:1126,getDetailedFieldSchema
FNF:27
FNH:0
FNDA:0,getResourceSchema
FNDA:0,getResourceFields
FNDA:0,(anonymous_2)
FNDA:0,getFieldMetadata
FNDA:0,(anonymous_4)
FNDA:0,getCommonFields
FNDA:0,getAllResourceTypes
FNDA:0,getResourceTypesByCategory
FNDA:0,getResourceTypeIndex
FNDA:0,(anonymous_9)
FNDA:0,getFilteredFields
FNDA:0,(anonymous_11)
FNDA:0,getValidationRules
FNDA:0,(anonymous_13)
FNDA:0,(anonymous_14)
FNDA:0,(anonymous_15)
FNDA:0,(anonymous_16)
FNDA:0,(anonymous_17)
FNDA:0,(anonymous_18)
FNDA:0,(anonymous_19)
FNDA:0,(anonymous_20)
FNDA:0,(anonymous_21)
FNDA:0,(anonymous_22)
FNDA:0,(anonymous_23)
FNDA:0,(anonymous_24)
FNDA:0,(anonymous_25)
FNDA:0,getDetailedFieldSchema
DA:25,0
DA:182,0
DA:333,0
DA:414,0
DA:475,0
DA:543,0
DA:678,0
DA:772,0
DA:853,0
DA:949,0
DA:969,0
DA:976,0
DA:977,0
DA:984,0
DA:985,0
DA:991,0
DA:1002,0
DA:1008,0
DA:1023,0
DA:1030,0
DA:1031,0
DA:1033,0
DA:1045,0
DA:1047,0
DA:1048,0
DA:1049,0
DA:1051,0
DA:1070,0
DA:1071,0
DA:1073,0
DA:1075,0
DA:1076,0
DA:1078,0
DA:1080,0
DA:1082,0
DA:1084,0
DA:1086,0
DA:1095,0
DA:1096,0
DA:1098,0
DA:1101,0
DA:1102,0
DA:1103,0
DA:1104,0
DA:1106,0
DA:1107,0
DA:1112,0
DA:1114,0
DA:1115,0
DA:1117,0
DA:1120,0
DA:1131,0
DA:1132,0
DA:1134,0
DA:1145,0
DA:1148,0
DA:1154,0
LF:57
LH:0
BRDA:977,0,0,0
BRDA:977,0,1,0
BRDA:1029,1,0,0
BRDA:1030,2,0,0
BRDA:1033,3,0,0
BRDA:1033,3,1,0
BRDA:1049,4,0,0
BRDA:1054,5,0,0
BRDA:1054,5,1,0
BRDA:1071,6,0,0
BRDA:1073,7,0,0
BRDA:1076,8,0,0
BRDA:1076,8,1,0
BRDA:1076,8,2,0
BRDA:1076,8,3,0
BRDA:1076,8,4,0
BRDA:1094,9,0,0
BRDA:1096,10,0,0
BRDA:1101,11,0,0
BRDA:1101,11,1,0
BRDA:1103,12,0,0
BRDA:1103,12,1,0
BRDA:1112,13,0,0
BRDA:1112,13,1,0
BRDA:1114,14,0,0
BRDA:1114,14,1,0
BRDA:1115,15,0,0
BRDA:1117,16,0,0
BRDA:1117,16,1,0
BRDA:1117,16,2,0
BRDA:1129,17,0,0
BRDA:1132,18,0,0
BRDA:1138,19,0,0
BRDA:1138,19,1,0
BRDA:1139,20,0,0
BRDA:1139,20,1,0
BRDA:1145,21,0,0
BRDA:1145,22,0,0
BRDA:1145,22,1,0
BRDA:1145,22,2,0
BRF:40
BRH:0
end_of_record
TN:
SF:src/resources/handlers.ts
FN:14,(anonymous_0)
FN:28,(anonymous_1)
FN:35,(anonymous_2)
FN:268,(anonymous_3)
FN:290,(anonymous_4)
FN:291,(anonymous_5)
FN:310,(anonymous_6)
FN:352,(anonymous_7)
FN:373,(anonymous_8)
FN:396,(anonymous_9)
FN:427,(anonymous_10)
FN:440,(anonymous_11)
FN:455,(anonymous_12)
FN:474,(anonymous_13)
FN:506,(anonymous_14)
FN:524,(anonymous_15)
FN:558,(anonymous_16)
FN:574,(anonymous_17)
FN:613,(anonymous_18)
FN:622,(anonymous_19)
FN:631,(anonymous_20)
FNF:21
FNH:0
FNDA:0,(anonymous_0)
FNDA:0,(anonymous_1)
FNDA:0,(anonymous_2)
FNDA:0,(anonymous_3)
FNDA:0,(anonymous_4)
FNDA:0,(anonymous_5)
FNDA:0,(anonymous_6)
FNDA:0,(anonymous_7)
FNDA:0,(anonymous_8)
FNDA:0,(anonymous_9)
FNDA:0,(anonymous_10)
FNDA:0,(anonymous_11)
FNDA:0,(anonymous_12)
FNDA:0,(anonymous_13)
FNDA:0,(anonymous_14)
FNDA:0,(anonymous_15)
FNDA:0,(anonymous_16)
FNDA:0,(anonymous_17)
FNDA:0,(anonymous_18)
FNDA:0,(anonymous_19)
FNDA:0,(anonymous_20)
DA:15,0
DA:16,0
DA:17,0
DA:18,0
DA:19,0
DA:20,0
DA:22,0
DA:29,0
DA:36,0
DA:38,0
DA:39,0
DA:40,0
DA:42,0
DA:50,0
DA:53,0
DA:54,0
DA:55,0
DA:57,0
DA:62,0
DA:63,0
DA:65,0
DA:66,0
DA:68,0
DA:69,0
DA:78,0
DA:79,0
DA:82,0
DA:83,0
DA:85,0
DA:86,0
DA:92,0
DA:93,0
DA:96,0
DA:98,0
DA:99,0
DA:100,0
DA:102,0
DA:103,0
DA:112,0
DA:113,0
DA:114,0
DA:116,0
DA:117,0
DA:118,0
DA:120,0
DA:121,0
DA:128,0
DA:129,0
DA:130,0
DA:132,0
DA:133,0
DA:134,0
DA:135,0
DA:137,0
DA:138,0
DA:146,0
DA:147,0
DA:150,0
DA:151,0
DA:152,0
DA:154,0
DA:155,0
DA:160,0
DA:161,0
DA:165,0
DA:166,0
DA:173,0
DA:174,0
DA:177,0
DA:178,0
DA:180,0
DA:181,0
DA:186,0
DA:187,0
DA:190,0
DA:191,0
DA:193,0
DA:194,0
DA:203,0
DA:204,0
DA:207,0
DA:208,0
DA:217,0
DA:218,0
DA:223,0
DA:224,0
DA:228,0
DA:229,0
DA:232,0
DA:233,0
DA:239,0
DA:241,0
DA:242,0
DA:243,0
DA:246,0
DA:249,0
DA:272,0
DA:273,0
DA:274,0
DA:276,0
DA:279,0
DA:283,0
DA:284,0
DA:285,0
DA:286,0
DA:288,0
DA:289,0
DA:290,0
DA:291,0
DA:296,0
DA:315,0
DA:316,0
DA:322,0
DA:324,0
DA:325,0
DA:327,0
DA:328,0
DA:330,0
DA:331,0
DA:333,0
DA:337,0
DA:338,0
DA:342,0
DA:343,0
DA:346,0
DA:353,0
DA:355,0
DA:356,0
DA:358,0
DA:359,0
DA:360,0
DA:361,0
DA:364,0
DA:365,0
DA:366,0
DA:367,0
DA:371,0
DA:373,0
DA:374,0
DA:376,0
DA:377,0
DA:378,0
DA:379,0
DA:383,0
DA:384,0
DA:385,0
DA:386,0
DA:387,0
DA:388,0
DA:390,0
DA:391,0
DA:393,0
DA:395,0
DA:396,0
DA:399,0
DA:400,0
DA:401,0
DA:402,0
DA:404,0
DA:406,0
DA:407,0
DA:409,0
DA:414,0
DA:415,0
DA:416,0
DA:421,0
DA:428,0
DA:430,0
DA:431,0
DA:434,0
DA:441,0
DA:443,0
DA:444,0
DA:446,0
DA:447,0
DA:449,0
DA:452,0
DA:453,0
DA:454,0
DA:455,0
DA:457,0
DA:461,0
DA:462,0
DA:464,0
DA:468,0
DA:475,0
DA:476,0
DA:478,0
DA:479,0
DA:480,0
DA:481,0
DA:483,0
DA:485,0
DA:486,0
DA:488,0
DA:491,0
DA:495,0
DA:496,0
DA:497,0
DA:499,0
DA:507,0
DA:508,0
DA:510,0
DA:511,0
DA:512,0
DA:513,0
DA:516,0
DA:517,0
DA:526,0
DA:528,0
DA:530,0
DA:535,0
DA:537,0
DA:542,0
DA:544,0
DA:549,0
DA:551,0
DA:556,0
DA:558,0
DA:562,0
DA:563,0
DA:564,0
DA:565,0
DA:568,0
DA:575,0
DA:577,0
DA:583,0
DA:585,0
DA:590,0
DA:592,0
DA:597,0
DA:599,0
DA:604,0
DA:606,0
DA:611,0
DA:613,0
DA:616,0
DA:623,0
DA:629,0
DA:631,0
DA:634,0
LF:241
LH:0
BRDA:47,0,0,0
BRDA:47,0,1,0
BRDA:50,1,0,0
BRDA:50,1,1,0
BRDA:50,1,2,0
BRDA:50,1,3,0
BRDA:50,1,4,0
BRDA:50,1,5,0
BRDA:50,1,6,0
BRDA:50,1,7,0
BRDA:50,1,8,0
BRDA:50,1,9,0
BRDA:50,1,10,0
BRDA:53,2,0,0
BRDA:53,2,1,0
BRDA:62,3,0,0
BRDA:65,4,0,0
BRDA:65,5,0,0
BRDA:65,5,1,0
BRDA:74,6,0,0
BRDA:74,6,1,0
BRDA:75,7,0,0
BRDA:75,7,1,0
BRDA:82,8,0,0
BRDA:82,9,0,0
BRDA:82,9,1,0
BRDA:85,10,0,0
BRDA:85,10,1,0
BRDA:96,11,0,0
BRDA:96,11,1,0
BRDA:98,12,0,0
BRDA:98,12,1,0
BRDA:98,13,0,0
BRDA:98,13,1,0
BRDA:99,14,0,0
BRDA:107,15,0,0
BRDA:107,15,1,0
BRDA:114,16,0,0
BRDA:114,16,1,0
BRDA:116,17,0,0
BRDA:116,17,1,0
BRDA:116,18,0,0
BRDA:116,18,1,0
BRDA:117,19,0,0
BRDA:125,20,0,0
BRDA:125,20,1,0
BRDA:126,21,0,0
BRDA:126,21,1,0
BRDA:130,22,0,0
BRDA:130,22,1,0
BRDA:132,23,0,0
BRDA:132,23,1,0
BRDA:132,24,0,0
BRDA:132,24,1,0
BRDA:134,25,0,0
BRDA:134,26,0,0
BRDA:134,26,1,0
BRDA:143,27,0,0
BRDA:143,27,1,0
BRDA:150,28,0,0
BRDA:150,28,1,0
BRDA:151,29,0,0
BRDA:170,30,0,0
BRDA:170,30,1,0
BRDA:171,31,0,0
BRDA:171,31,1,0
BRDA:177,32,0,0
BRDA:190,33,0,0
BRDA:201,34,0,0
BRDA:201,34,1,0
BRDA:207,35,0,0
BRDA:207,35,1,0
BRDA:211,36,0,0
BRDA:211,36,1,0
BRDA:214,37,0,0
BRDA:214,37,1,0
BRDA:215,38,0,0
BRDA:215,38,1,0
BRDA:241,39,0,0
BRDA:246,40,0,0
BRDA:246,40,1,0
BRDA:256,41,0,0
BRDA:256,41,1,0
BRDA:272,42,0,0
BRDA:272,42,1,0
BRDA:286,43,0,0
BRDA:286,43,1,0
BRDA:288,44,0,0
BRDA:288,45,0,0
BRDA:288,45,1,0
BRDA:288,45,2,0
BRDA:315,46,0,0
BRDA:315,47,0,0
BRDA:315,47,1,0
BRDA:322,48,0,0
BRDA:322,48,1,0
BRDA:322,48,2,0
BRDA:322,48,3,0
BRDA:337,49,0,0
BRDA:337,50,0,0
BRDA:337,50,1,0
BRDA:342,51,0,0
BRDA:342,52,0,0
BRDA:342,52,1,0
BRDA:356,53,0,0
BRDA:356,53,1,0
BRDA:366,54,0,0
BRDA:366,55,0,0
BRDA:366,55,1,0
BRDA:371,56,0,0
BRDA:374,57,0,0
BRDA:378,58,0,0
BRDA:378,59,0,0
BRDA:378,59,1,0
BRDA:383,60,0,0
BRDA:401,61,0,0
BRDA:406,62,0,0
BRDA:406,62,1,0
BRDA:415,63,0,0
BRDA:441,64,0,0
BRDA:441,65,0,0
BRDA:441,65,1,0
BRDA:449,66,0,0
BRDA:449,67,0,0
BRDA:449,67,1,0
BRDA:452,68,0,0
BRDA:452,69,0,0
BRDA:452,69,1,0
BRDA:454,70,0,0
BRDA:461,71,0,0
BRDA:461,71,1,0
BRDA:461,72,0,0
BRDA:461,72,1,0
BRDA:483,73,0,0
BRDA:485,74,0,0
BRDA:485,74,1,0
BRDA:485,75,0,0
BRDA:485,75,1,0
BRDA:495,76,0,0
BRDA:495,76,1,0
BRDA:495,77,0,0
BRDA:495,77,1,0
BRDA:512,78,0,0
BRDA:512,79,0,0
BRDA:512,79,1,0
BRDA:516,80,0,0
BRDA:516,81,0,0
BRDA:516,81,1,0
BRDA:528,82,0,0
BRDA:528,83,0,0
BRDA:528,83,1,0
BRDA:528,83,2,0
BRDA:528,83,3,0
BRDA:535,84,0,0
BRDA:535,85,0,0
BRDA:535,85,1,0
BRDA:542,86,0,0
BRDA:542,87,0,0
BRDA:542,87,1,0
BRDA:542,87,2,0
BRDA:549,88,0,0
BRDA:549,89,0,0
BRDA:549,89,1,0
BRDA:556,90,0,0
BRDA:556,91,0,0
BRDA:556,91,1,0
BRDA:564,92,0,0
BRDA:568,93,0,0
BRDA:568,93,1,0
BRDA:575,94,0,0
BRDA:575,95,0,0
BRDA:575,95,1,0
BRDA:575,95,2,0
BRDA:575,95,3,0
BRDA:583,96,0,0
BRDA:583,97,0,0
BRDA:583,97,1,0
BRDA:590,98,0,0
BRDA:590,99,0,0
BRDA:590,99,1,0
BRDA:590,99,2,0
BRDA:597,100,0,0
BRDA:597,101,0,0
BRDA:597,101,1,0
BRDA:604,102,0,0
BRDA:604,103,0,0
BRDA:604,103,1,0
BRDA:611,104,0,0
BRDA:611,105,0,0
BRDA:611,105,1,0
BRDA:629,106,0,0
BRDA:629,107,0,0
BRDA:629,107,1,0
BRF:193
BRH:0
end_of_record
TN:
SF:src/resources/schema-handlers.ts
FN:24,(anonymous_0)
FN:43,(anonymous_1)
FN:68,(anonymous_2)
FN:75,(anonymous_3)
FN:76,(anonymous_4)
FN:77,(anonymous_5)
FN:78,(anonymous_6)
FN:85,(anonymous_7)
FN:86,(anonymous_8)
FN:116,(anonymous_9)
FN:121,(anonymous_10)
FN:146,(anonymous_11)
FN:175,(anonymous_12)
FN:188,(anonymous_13)
FNF:14
FNH:0
FNDA:0,(anonymous_0)
FNDA:0,(anonymous_1)
FNDA:0,(anonymous_2)
FNDA:0,(anonymous_3)
FNDA:0,(anonymous_4)
FNDA:0,(anonymous_5)
FNDA:0,(anonymous_6)
FNDA:0,(anonymous_7)
FNDA:0,(anonymous_8)
FNDA:0,(anonymous_9)
FNDA:0,(anonymous_10)
FNDA:0,(anonymous_11)
FNDA:0,(anonymous_12)
FNDA:0,(anonymous_13)
DA:25,0
DA:27,0
DA:44,0
DA:45,0
DA:46,0
DA:52,0
DA:53,0
DA:54,0
DA:57,0
DA:60,0
DA:66,0
DA:67,0
DA:68,0
DA:72,0
DA:73,0
DA:75,0
DA:76,0
DA:77,0
DA:78,0
DA:82,0
DA:83,0
DA:85,0
DA:87,0
DA:88,0
DA:93,0
DA:94,0
DA:98,0
DA:99,0
DA:106,0
DA:117,0
DA:119,0
DA:120,0
DA:121,0
DA:122,0
DA:128,0
DA:136,0
DA:147,0
DA:149,0
DA:150,0
DA:151,0
DA:157,0
DA:165,0
DA:176,0
DA:177,0
DA:179,0
DA:180,0
DA:183,0
DA:184,0
DA:185,0
DA:188,0
DA:189,0
DA:191,0
DA:192,0
DA:195,0
DA:197,0
DA:199,0
DA:202,0
DA:203,0
DA:205,0
DA:209,0
DA:211,0
DA:212,0
DA:214,0
DA:216,0
DA:220,0
DA:221,0
DA:223,0
DA:224,0
LF:68
LH:0
BRDA:45,0,0,0
BRDA:52,1,0,0
BRDA:52,1,1,0
BRDA:53,2,0,0
BRDA:53,2,1,0
BRDA:66,3,0,0
BRDA:67,4,0,0
BRDA:67,4,1,0
BRDA:68,5,0,0
BRDA:68,5,1,0
BRDA:72,6,0,0
BRDA:82,7,0,0
BRDA:93,8,0,0
BRDA:98,9,0,0
BRDA:117,10,0,0
BRDA:117,10,1,0
BRDA:120,11,0,0
BRDA:121,12,0,0
BRDA:121,12,1,0
BRDA:147,13,0,0
BRDA:147,13,1,0
BRDA:150,14,0,0
BRDA:179,15,0,0
BRDA:184,16,0,0
BRDA:191,17,0,0
BRDA:197,18,0,0
BRDA:197,18,1,0
BRDA:197,18,2,0
BRDA:202,19,0,0
BRDA:209,20,0,0
BRDA:209,20,1,0
BRDA:212,21,0,0
BRDA:212,21,1,0
BRDA:212,22,0,0
BRDA:212,22,1,0
BRDA:220,23,0,0
BRDA:223,24,0,0
BRDA:223,24,1,0
BRF:38
BRH:0
end_of_record
TN:
SF:src/resources/templates.ts
FNF:0
FNH:0
DA:16,0
LF:1
LH:0
BRF:0
BRH:0
end_of_record
TN:
SF:src/tools/definitions.ts
FNF:0
FNH:0
DA:1,1
LF:1
LH:1
BRF:0
BRH:0
end_of_record
TN:
SF:src/types/guards.ts
FN:2,(anonymous_0)
FN:11,(anonymous_1)
FN:32,(anonymous_2)
FN:55,(anonymous_3)
FN:76,(anonymous_4)
FN:116,(anonymous_5)
FN:135,(anonymous_6)
FN:150,(anonymous_7)
FN:167,(anonymous_8)
FN:184,(anonymous_9)
FN:185,(anonymous_10)
FN:188,(anonymous_11)
FN:201,(anonymous_12)
FN:216,(anonymous_13)
FN:231,(anonymous_14)
FN:246,(anonymous_15)
FN:267,(anonymous_16)
FN:294,(anonymous_17)
FN:311,(anonymous_18)
FNF:19
FNH:0
FNDA:0,(anonymous_0)
FNDA:0,(anonymous_1)
FNDA:0,(anonymous_2)
FNDA:0,(anonymous_3)
FNDA:0,(anonymous_4)
FNDA:0,(anonymous_5)
FNDA:0,(anonymous_6)
FNDA:0,(anonymous_7)
FNDA:0,(anonymous_8)
FNDA:0,(anonymous_9)
FNDA:0,(anonymous_10)
FNDA:0,(anonymous_11)
FNDA:0,(anonymous_12)
FNDA:0,(anonymous_13)
FNDA:0,(anonymous_14)
FNDA:0,(anonymous_15)
FNDA:0,(anonymous_16)
FNDA:0,(anonymous_17)
FNDA:0,(anonymous_18)
DA:2,0
DA:5,0
DA:11,0
DA:22,0
DA:32,0
DA:44,0
DA:55,0
DA:66,0
DA:76,0
DA:96,0
DA:116,0
DA:126,0
DA:135,0
DA:143,0
DA:150,0
DA:159,0
DA:167,0
DA:178,0
DA:184,0
DA:185,0
DA:188,0
DA:195,0
DA:201,0
DA:209,0
DA:216,0
DA:224,0
DA:231,0
DA:239,0
DA:246,0
DA:257,0
DA:267,0
DA:281,0
DA:294,0
DA:303,0
DA:311,0
DA:321,0
LF:36
LH:0
BRDA:5,0,0,0
BRDA:5,0,1,0
BRDA:5,0,2,0
BRDA:5,0,3,0
BRDA:5,0,4,0
BRDA:22,1,0,0
BRDA:22,1,1,0
BRDA:22,1,2,0
BRDA:22,1,3,0
BRDA:22,1,4,0
BRDA:22,1,5,0
BRDA:22,1,6,0
BRDA:22,1,7,0
BRDA:22,1,8,0
BRDA:22,1,9,0
BRDA:22,1,10,0
BRDA:22,1,11,0
BRDA:22,1,12,0
BRDA:22,1,13,0
BRDA:44,2,0,0
BRDA:44,2,1,0
BRDA:44,2,2,0
BRDA:44,2,3,0
BRDA:44,2,4,0
BRDA:44,2,5,0
BRDA:44,2,6,0
BRDA:44,2,7,0
BRDA:44,2,8,0
BRDA:44,2,9,0
BRDA:44,2,10,0
BRDA:44,2,11,0
BRDA:44,2,12,0
BRDA:66,3,0,0
BRDA:66,3,1,0
BRDA:66,3,2,0
BRDA:66,3,3,0
BRDA:66,3,4,0
BRDA:66,3,5,0
BRDA:66,3,6,0
BRDA:66,3,7,0
BRDA:66,3,8,0
BRDA:66,3,9,0
BRDA:66,3,10,0
BRDA:66,3,11,0
BRDA:66,3,12,0
BRDA:96,4,0,0
BRDA:96,4,1,0
BRDA:96,4,2,0
BRDA:96,4,3,0
BRDA:96,4,4,0
BRDA:96,4,5,0
BRDA:96,4,6,0
BRDA:96,4,7,0
BRDA:96,4,8,0
BRDA:96,4,9,0
BRDA:96,4,10,0
BRDA:96,4,11,0
BRDA:96,4,12,0
BRDA:96,4,13,0
BRDA:96,4,14,0
BRDA:96,4,15,0
BRDA:96,4,16,0
BRDA:96,4,17,0
BRDA:96,4,18,0
BRDA:96,4,19,0
BRDA:96,4,20,0
BRDA:96,4,21,0
BRDA:96,4,22,0
BRDA:96,4,23,0
BRDA:96,4,24,0
BRDA:96,4,25,0
BRDA:96,4,26,0
BRDA:96,4,27,0
BRDA:126,5,0,0
BRDA:126,5,1,0
BRDA:126,5,2,0
BRDA:126,5,3,0
BRDA:126,5,4,0
BRDA:126,5,5,0
BRDA:126,5,6,0
BRDA:126,5,7,0
BRDA:126,5,8,0
BRDA:126,5,9,0
BRDA:126,5,10,0
BRDA:143,6,0,0
BRDA:143,6,1,0
BRDA:143,6,2,0
BRDA:143,6,3,0
BRDA:143,6,4,0
BRDA:143,6,5,0
BRDA:143,6,6,0
BRDA:159,7,0,0
BRDA:159,7,1,0
BRDA:159,7,2,0
BRDA:159,7,3,0
BRDA:159,7,4,0
BRDA:159,7,5,0
BRDA:159,7,6,0
BRDA:159,7,7,0
BRDA:159,7,8,0
BRDA:159,7,9,0
BRDA:178,8,0,0
BRDA:178,8,1,0
BRDA:178,8,2,0
BRDA:178,8,3,0
BRDA:178,8,4,0
BRDA:178,8,5,0
BRDA:178,8,6,0
BRDA:178,8,7,0
BRDA:178,8,8,0
BRDA:178,8,9,0
BRDA:178,8,10,0
BRDA:178,8,11,0
BRDA:178,8,12,0
BRDA:178,8,13,0
BRDA:178,8,14,0
BRDA:195,9,0,0
BRDA:195,9,1,0
BRDA:195,9,2,0
BRDA:195,9,3,0
BRDA:195,9,4,0
BRDA:209,10,0,0
BRDA:209,10,1,0
BRDA:209,10,2,0
BRDA:209,10,3,0
BRDA:209,10,4,0
BRDA:209,10,5,0
BRDA:209,10,6,0
BRDA:224,11,0,0
BRDA:224,11,1,0
BRDA:224,11,2,0
BRDA:224,11,3,0
BRDA:224,11,4,0
BRDA:224,11,5,0
BRDA:224,11,6,0
BRDA:239,12,0,0
BRDA:239,12,1,0
BRDA:239,12,2,0
BRDA:239,12,3,0
BRDA:239,12,4,0
BRDA:239,12,5,0
BRDA:239,12,6,0
BRDA:239,12,7,0
BRDA:257,13,0,0
BRDA:257,13,1,0
BRDA:257,13,2,0
BRDA:257,13,3,0
BRDA:257,13,4,0
BRDA:257,13,5,0
BRDA:257,13,6,0
BRDA:257,13,7,0
BRDA:257,13,8,0
BRDA:257,13,9,0
BRDA:257,13,10,0
BRDA:257,13,11,0
BRDA:257,13,12,0
BRDA:281,14,0,0
BRDA:281,14,1,0
BRDA:281,14,2,0
BRDA:281,14,3,0
BRDA:281,14,4,0
BRDA:281,14,5,0
BRDA:281,14,6,0
BRDA:281,14,7,0
BRDA:281,14,8,0
BRDA:281,14,9,0
BRDA:281,14,10,0
BRDA:281,14,11,0
BRDA:281,14,12,0
BRDA:281,14,13,0
BRDA:281,14,14,0
BRDA:281,14,15,0
BRDA:281,14,16,0
BRDA:281,14,17,0
BRDA:281,14,18,0
BRDA:303,15,0,0
BRDA:303,15,1,0
BRDA:303,15,2,0
BRDA:303,15,3,0
BRDA:303,15,4,0
BRDA:303,15,5,0
BRDA:303,15,6,0
BRDA:303,15,7,0
BRDA:303,15,8,0
BRDA:321,16,0,0
BRDA:321,16,1,0
BRDA:321,16,2,0
BRDA:321,16,3,0
BRDA:321,16,4,0
BRDA:321,16,5,0
BRDA:321,16,6,0
BRDA:321,16,7,0
BRDA:321,16,8,0
BRDA:321,16,9,0
BRDA:321,16,10,0
BRDA:321,16,11,0
BRF:196
BRH:0
end_of_record
TN:
SF:src/utils/api-client.ts
FN:14,(anonymous_1)
FN:50,(anonymous_2)
FN:92,(anonymous_3)
FN:141,(anonymous_4)
FNF:4
FNH:2
FNDA:11,(anonymous_1)
FNDA:0,(anonymous_2)
FNDA:0,(anonymous_3)
FNDA:4,(anonymous_4)
DA:1,1
DA:10,1
DA:20,11
DA:22,11
DA:30,11
DA:33,3
DA:34,3
DA:35,8
DA:37,8
DA:38,8
DA:41,0
DA:47,11
DA:56,0
DA:58,0
DA:60,0
DA:61,0
DA:63,0
DA:64,0
DA:66,0
DA:70,0
DA:72,0
DA:74,0
DA:75,0
DA:76,0
DA:81,0
DA:88,0
DA:93,0
DA:94,0
DA:96,0
DA:97,0
DA:106,0
DA:107,0
DA:116,0
DA:117,0
DA:128,0
DA:138,0
DA:142,4
LF:37
LH:12
BRDA:30,0,0,3
BRDA:30,0,1,8
BRDA:35,1,0,8
BRDA:35,1,1,0
BRDA:43,2,0,0
BRDA:43,2,1,0
BRDA:58,3,0,0
BRDA:58,3,1,0
BRDA:60,4,0,0
BRDA:60,4,1,0
BRDA:61,5,0,0
BRDA:61,5,1,0
BRDA:63,6,0,0
BRDA:63,6,1,0
BRDA:66,7,0,0
BRDA:66,7,1,0
BRDA:74,8,0,0
BRDA:76,9,0,0
BRDA:76,9,1,0
BRDA:76,9,2,0
BRDA:76,9,3,0
BRDA:93,10,0,0
BRDA:96,11,0,0
BRDA:96,11,1,0
BRDA:106,12,0,0
BRDA:106,12,1,0
BRDA:111,13,0,0
BRDA:111,13,1,0
BRDA:116,14,0,0
BRF:29
BRH:3
end_of_record
TN:
SF:src/utils/bitbucket-uri.ts
FN:19,(anonymous_0)
FN:37,(anonymous_1)
FN:46,(anonymous_2)
FN:69,(anonymous_3)
FN:105,(anonymous_4)
FN:112,(anonymous_5)
FN:119,(anonymous_6)
FN:126,(anonymous_7)
FN:134,(anonymous_8)
FN:142,(anonymous_9)
FN:154,(anonymous_10)
FNF:11
FNH:3
FNDA:6,(anonymous_0)
FNDA:5,(anonymous_1)
FNDA:19,(anonymous_2)
FNDA:0,(anonymous_3)
FNDA:0,(anonymous_4)
FNDA:0,(anonymous_5)
FNDA:0,(anonymous_6)
FNDA:0,(anonymous_7)
FNDA:0,(anonymous_8)
FNDA:0,(anonymous_9)
FNDA:0,(anonymous_10)
DA:1,1
DA:9,1
DA:20,6
DA:21,6
DA:22,6
DA:25,6
DA:26,1
DA:29,5
DA:30,5
DA:31,5
DA:32,5
DA:33,5
DA:34,5
DA:43,5
DA:45,5
DA:46,19
DA:49,5
DA:50,1
DA:59,4
DA:60,0
DA:63,4
DA:64,4
DA:65,4
DA:66,4
DA:69,0
DA:72,0
DA:73,0
DA:82,0
DA:83,0
DA:86,0
DA:87,0
DA:88,0
DA:89,0
DA:90,0
DA:93,4
DA:106,0
DA:113,0
DA:120,0
DA:127,0
DA:128,0
DA:135,0
DA:136,0
DA:143,0
DA:155,0
LF:44
LH:24
BRDA:25,0,0,1
BRDA:43,1,0,5
BRDA:43,1,1,0
BRDA:49,2,0,1
BRDA:59,3,0,0
BRDA:66,4,0,4
BRDA:66,4,1,0
BRDA:72,5,0,0
BRDA:72,6,0,0
BRDA:72,6,1,0
BRDA:82,7,0,0
BRDA:90,8,0,0
BRDA:90,8,1,0
BRDA:113,9,0,0
BRDA:113,9,1,0
BRDA:113,9,2,0
BRDA:128,10,0,0
BRDA:128,10,1,0
BRDA:136,11,0,0
BRDA:136,11,1,0
BRF:20
BRH:4
end_of_record
TN:
SF:src/utils/diff-parser.ts
FN:33,(anonymous_0)
FN:37,(anonymous_1)
FN:52,(anonymous_2)
FN:136,(anonymous_3)
FN:142,(anonymous_4)
FN:148,(anonymous_5)
FN:157,(anonymous_6)
FN:158,(anonymous_7)
FN:172,(anonymous_8)
FN:173,(anonymous_9)
FN:200,(anonymous_10)
FN:206,(anonymous_11)
FNF:12
FNH:0
FNDA:0,(anonymous_0)
FNDA:0,(anonymous_1)
FNDA:0,(anonymous_2)
FNDA:0,(anonymous_3)
FNDA:0,(anonymous_4)
FNDA:0,(anonymous_5)
FNDA:0,(anonymous_6)
FNDA:0,(anonymous_7)
FNDA:0,(anonymous_8)
FNDA:0,(anonymous_9)
FNDA:0,(anonymous_10)
FNDA:0,(anonymous_11)
DA:34,0
DA:37,0
DA:39,0
DA:40,0
DA:41,0
DA:42,0
DA:46,0
DA:53,0
DA:54,0
DA:57,0
DA:59,0
DA:60,0
DA:61,0
DA:62,0
DA:65,0
DA:66,0
DA:67,0
DA:68,0
DA:71,0
DA:72,0
DA:74,0
DA:75,0
DA:76,0
DA:77,0
DA:78,0
DA:79,0
DA:80,0
DA:81,0
DA:82,0
DA:83,0
DA:84,0
DA:86,0
DA:87,0
DA:89,0
DA:90,0
DA:91,0
DA:94,0
DA:95,0
DA:96,0
DA:103,0
DA:104,0
DA:105,0
DA:106,0
DA:107,0
DA:108,0
DA:109,0
DA:111,0
DA:112,0
DA:113,0
DA:114,0
DA:120,0
DA:122,0
DA:137,0
DA:138,0
DA:141,0
DA:142,0
DA:143,0
DA:148,0
DA:149,0
DA:151,0
DA:156,0
DA:157,0
DA:158,0
DA:159,0
DA:162,0
DA:163,0
DA:164,0
DA:166,0
DA:171,0
DA:172,0
DA:173,0
DA:174,0
DA:177,0
DA:178,0
DA:179,0
DA:181,0
DA:186,0
DA:201,0
DA:202,0
DA:206,0
LF:80
LH:0
BRDA:41,0,0,0
BRDA:54,1,0,0
BRDA:66,2,0,0
BRDA:74,3,0,0
BRDA:74,3,1,0
BRDA:76,4,0,0
BRDA:76,4,1,0
BRDA:79,5,0,0
BRDA:79,5,1,0
BRDA:82,6,0,0
BRDA:82,6,1,0
BRDA:82,7,0,0
BRDA:82,7,1,0
BRDA:84,8,0,0
BRDA:84,8,1,0
BRDA:86,9,0,0
BRDA:89,10,0,0
BRDA:90,11,0,0
BRDA:95,12,0,0
BRDA:95,13,0,0
BRDA:95,13,1,0
BRDA:103,14,0,0
BRDA:105,15,0,0
BRDA:105,15,1,0
BRDA:107,16,0,0
BRDA:111,17,0,0
BRDA:113,18,0,0
BRDA:120,19,0,0
BRDA:141,20,0,0
BRDA:141,20,1,0
BRDA:143,21,0,0
BRDA:143,21,1,0
BRDA:149,22,0,0
BRDA:149,23,0,0
BRDA:149,23,1,0
BRDA:156,24,0,0
BRDA:156,25,0,0
BRDA:156,25,1,0
BRDA:162,26,0,0
BRDA:171,27,0,0
BRDA:171,28,0,0
BRDA:171,28,1,0
BRDA:177,29,0,0
BRDA:201,30,0,0
BRF:44
BRH:0
end_of_record
TN:
SF:src/utils/formatters.ts
FN:12,formatServerResponse
FN:33,(anonymous_1)
FN:38,(anonymous_2)
FN:58,formatCloudResponse
FN:67,(anonymous_4)
FN:68,(anonymous_5)
FN:87,formatServerCommit
FN:97,(anonymous_7)
FN:102,formatCloudCommit
FN:117,(anonymous_9)
FN:122,formatSearchResults
FN:164,parseHighlightedText
FN:219,formatCodeSearchOutput
FNF:13
FNH:0
FNDA:0,formatServerResponse
FNDA:0,(anonymous_1)
FNDA:0,(anonymous_2)
FNDA:0,formatCloudResponse
FNDA:0,(anonymous_4)
FNDA:0,(anonymous_5)
FNDA:0,formatServerCommit
FNDA:0,(anonymous_7)
FNDA:0,formatCloudCommit
FNDA:0,(anonymous_9)
FNDA:0,formatSearchResults
FNDA:0,parseHighlightedText
FNDA:0,formatCodeSearchOutput
DA:12,1
DA:17,0
DA:19,0
DA:33,0
DA:38,0
DA:58,1
DA:59,0
DA:67,0
DA:68,0
DA:87,1
DA:88,0
DA:97,0
DA:102,1
DA:104,0
DA:105,0
DA:106,0
DA:108,0
DA:117,0
DA:122,1
DA:123,0
DA:125,0
DA:126,0
DA:129,0
DA:131,0
DA:133,0
DA:142,0
DA:143,0
DA:144,0
DA:146,0
DA:148,0
DA:157,0
DA:160,0
DA:169,0
DA:177,0
DA:178,0
DA:179,0
DA:182,0
DA:183,0
DA:186,0
DA:188,0
DA:189,0
DA:190,0
DA:191,0
DA:195,0
DA:196,0
DA:197,0
DA:199,0
DA:203,0
DA:204,0
DA:205,0
DA:206,0
DA:210,0
DA:211,0
DA:212,0
DA:215,0
DA:219,1
DA:220,0
DA:221,0
DA:224,0
DA:226,0
DA:227,0
DA:230,0
DA:231,0
DA:232,0
DA:234,0
DA:244,0
DA:249,0
DA:252,0
LF:68
LH:6
BRDA:22,0,0,0
BRDA:22,0,1,0
BRDA:47,1,0,0
BRDA:47,1,1,0
BRDA:51,2,0,0
BRDA:51,2,1,0
BRDA:51,2,2,0
BRDA:52,3,0,0
BRDA:52,3,1,0
BRDA:53,4,0,0
BRDA:53,4,1,0
BRDA:54,5,0,0
BRDA:54,5,1,0
BRDA:62,6,0,0
BRDA:62,6,1,0
BRDA:79,7,0,0
BRDA:79,7,1,0
BRDA:80,8,0,0
BRDA:80,8,1,0
BRDA:81,9,0,0
BRDA:81,9,1,0
BRDA:105,10,0,0
BRDA:105,10,1,0
BRDA:105,11,0,0
BRDA:105,11,1,0
BRDA:106,12,0,0
BRDA:106,12,1,0
BRDA:125,13,0,0
BRDA:131,14,0,0
BRDA:131,14,1,0
BRDA:142,15,0,0
BRDA:142,16,0,0
BRDA:142,16,1,0
BRDA:188,17,0,0
BRDA:203,18,0,0
BRDA:210,19,0,0
BRDA:220,20,0,0
BRDA:220,21,0,0
BRDA:220,21,1,0
BRDA:230,22,0,0
BRDA:230,23,0,0
BRDA:230,23,1,0
BRF:42
BRH:0
end_of_record
TN:
SF:src/utils/suggestion-formatter.ts
FN:5,formatSuggestionComment
FNF:1
FNH:0
FNDA:0,formatSuggestionComment
DA:12,0
DA:17,0
LF:2
LH:0
BRDA:12,0,0,0
BRDA:12,0,1,0
BRDA:12,1,0,0
BRDA:12,1,1,0
BRDA:12,1,2,0
BRF:5
BRH:0
end_of_record
